2026-04-28 12:19:30,041 | INFO     | main                 | ============================================================
2026-04-28 12:19:30,042 | INFO     | main                 | Phase 2 IOC Pipeline starting
2026-04-28 12:19:30,042 | INFO     | main                 |   PCAP stem      : Hive_06082021
2026-04-28 12:19:30,042 | INFO     | main                 |   Zeek dir       : processed/Hive_06082021/zeek
2026-04-28 12:19:30,042 | INFO     | main                 |   Suricata dir   : processed/Hive_06082021/suricata
2026-04-28 12:19:30,042 | INFO     | main                 |   Extracted dir  : processed/Hive_06082021/extracted_payloads
2026-04-28 12:19:30,042 | INFO     | main                 |   YARA rules     : yara_rules
2026-04-28 12:19:30,042 | INFO     | main                 |   Output dir     : phase2_output/Hive_06082021_20260428_121929
2026-04-28 12:19:30,042 | INFO     | main                 |   Redis          : 127.0.0.1:6379 db=0
2026-04-28 12:19:30,042 | INFO     | main                 | ============================================================
2026-04-28 12:19:30,042 | INFO     | main                 | [Step 1/5] IOC Extraction …
2026-04-28 12:19:30,043 | INFO     | extraction           | Extracting Zeek conn log …
2026-04-28 12:19:30,047 | INFO     | extraction           | Extracting Zeek DNS log …
2026-04-28 12:19:30,059 | INFO     | extraction           | Extracting Zeek HTTP log …
2026-04-28 12:19:30,060 | INFO     | extraction           | Extracting Suricata eve.json …
2026-04-28 12:19:30,106 | INFO     | extraction           | Hashing extracted payload files …
2026-04-28 12:19:30,289 | INFO     | extraction           | Extraction complete — 5883 raw IOCs collected.
2026-04-28 12:19:30,289 | INFO     | main                 | [Step 1/5] Done — 5883 raw IOCs  (0.25s)
2026-04-28 12:19:30,289 | INFO     | main                 | [Step 2/5] Cleaning & deduplication …
2026-04-28 12:19:30,353 | INFO     | cleaning             | Cleaning complete: 5883 in → 181 out  (empty=0  private=4864  dedup=838)
2026-04-28 12:19:30,353 | INFO     | main                 | [Step 2/5] Done — 5883 → 181 IOCs  (0.06s)
2026-04-28 12:19:30,353 | INFO     | main                 | [Step 3/5] YARA scanning …
2026-04-28 12:19:30,355 | INFO     | yara_scan            | YARA: index file detected (index.yar) — compiling via filepath so includes are resolved relative to /home/comrade/Documents/V1_Recon/yara_rules
2026-04-28 12:19:30,379 | INFO     | yara_scan            | YARA: compiled successfully from index index.yar
2026-04-28 12:19:33,135 | INFO     | yara_scan            | YARA HIT  25edefb3b0678dfe → Ransomware_File_Extensions_Aggressive,C2_Known_Bad_Domains
2026-04-28 12:19:33,139 | INFO     | yara_scan            | YARA HIT  367be27a35c3f49c → HighEntropy_Dropper,T1027_Obfuscated_Files,HighEntropy_Persistence_Payload,Suspicious_Web_Payload
2026-04-28 12:19:34,267 | INFO     | yara_scan            | YARA HIT  e1f2bb7ccb96e6a5 → Encrypted_C2_Channel,T1027_Obfuscated_Files,SQL_Injection_Strong,High_Entropy_Payload_Tuned,Suspicious_Web_Payload
2026-04-28 12:19:34,277 | INFO     | yara_scan            | YARA HIT  27cd35d2df89d623 → High_Entropy_Encrypted,Encrypted_C2_Channel,HighEntropy_Dropper,HighEntropy_InMemory_Payload,T1027_Obfuscated_Files,High_Entropy_Payload_Tuned,HighEntropy_Persistence_Payload,Suspicious_Web_Payload
2026-04-28 12:19:34,282 | INFO     | yara_scan            | YARA HIT  7c2b378860be60a8 → High_Entropy_Encrypted,Encrypted_C2_Channel,HighEntropy_Dropper,HighEntropy_InMemory_Payload,T1027_Obfuscated_Files,High_Entropy_Payload_Tuned,HighEntropy_Persistence_Payload,Suspicious_Web_Payload
2026-04-28 12:19:34,304 | INFO     | yara_scan            | YARA HIT  65444137d28a3c27 → Encrypted_C2_Channel,HighEntropy_Dropper,HighEntropy_InMemory_Payload,T1027_Obfuscated_Files,High_Entropy_Payload_Tuned,HighEntropy_Persistence_Payload,Suspicious_Web_Payload
2026-04-28 12:19:34,470 | INFO     | yara_scan            | YARA HIT  661c5b265e48ca94 → High_Entropy_Encrypted,Encrypted_C2_Channel,HighEntropy_Dropper,HighEntropy_InMemory_Payload,T1027_Obfuscated_Files,High_Entropy_Payload_Tuned,HighEntropy_Persistence_Payload
2026-04-28 12:19:35,471 | INFO     | yara_scan            | YARA HIT  1a173cf822dbef8f → High_Entropy_Encrypted,Encrypted_C2_Channel,HighEntropy_Dropper,HighEntropy_InMemory_Payload,T1027_Obfuscated_Files,High_Entropy_Payload_Tuned,HighEntropy_Persistence_Payload,Suspicious_Web_Payload
2026-04-28 12:19:35,478 | INFO     | yara_scan            | YARA HIT  34ac57f07a3e5831 → High_Entropy_Encrypted,Encrypted_C2_Channel,HighEntropy_Dropper,HighEntropy_InMemory_Payload,T1027_Obfuscated_Files,High_Entropy_Payload_Tuned,HighEntropy_Persistence_Payload,Suspicious_Web_Payload
2026-04-28 12:19:35,480 | INFO     | yara_scan            | YARA HIT  fed34c15d57c1e0f → Encrypted_C2_Channel,T1027_Obfuscated_Files,High_Entropy_Payload_Tuned,Suspicious_Web_Payload
2026-04-28 12:19:37,453 | INFO     | yara_scan            | YARA HIT  93df9b967fdb387a → SQL_Injection,Bulk_Exfiltration,High_Entropy_Encrypted,HighRisk_C2_Communication,Encrypted_C2_Channel,Curl_Wget_Downloader,T1027_Obfuscated_Files,T1547_Boot_or_Logon_Autostart,High_Entropy_Payload_Tuned,SQL_Injection_Attempts
2026-04-28 12:19:37,484 | INFO     | yara_scan            | YARA HIT  414e561aa9a0f1db → Encrypted_C2_Channel,HighEntropy_Dropper,HighEntropy_InMemory_Payload,T1027_Obfuscated_Files,High_Entropy_Payload_Tuned,HighEntropy_Persistence_Payload,Suspicious_Web_Payload
2026-04-28 12:19:37,495 | INFO     | yara_scan            | YARA HIT  929b9500b8da8724 → High_Entropy_Encrypted,Encrypted_C2_Channel,HighEntropy_Dropper,HighEntropy_InMemory_Payload,T1027_Obfuscated_Files,High_Entropy_Payload_Tuned,HighEntropy_Persistence_Payload,Suspicious_Web_Payload
2026-04-28 12:19:37,503 | INFO     | yara_scan            | YARA HIT  9916045f5e1a8f4c → Encrypted_C2_Channel,HighEntropy_Dropper,HighEntropy_InMemory_Payload,T1027_Obfuscated_Files,HighEntropy_Persistence_Payload,Suspicious_Web_Payload
2026-04-28 12:19:37,518 | INFO     | yara_scan            | YARA HIT  1d7b3d842e2e58b2 → C2_Known_Bad_Domains,HighRisk_C2_Communication
2026-04-28 12:19:37,520 | INFO     | yara_scan            | YARA HIT  5804a86177053ff0 → Encrypted_C2_Channel,T1027_Obfuscated_Files,High_Entropy_Payload_Tuned,Suspicious_Web_Payload
2026-04-28 12:19:37,665 | INFO     | yara_scan            | YARA HIT  8a49ad574543a462 → High_Entropy_Encrypted,Encrypted_C2_Channel,HighEntropy_Dropper,HighEntropy_InMemory_Payload,T1027_Obfuscated_Files,High_Entropy_Payload_Tuned,HighEntropy_Persistence_Payload
2026-04-28 12:19:37,671 | INFO     | yara_scan            | YARA HIT  a2a853aa5021dfe9 → High_Entropy_Encrypted,Encrypted_C2_Channel,HighEntropy_Dropper,HighEntropy_InMemory_Payload,T1027_Obfuscated_Files,High_Entropy_Payload_Tuned,HighEntropy_Persistence_Payload,Suspicious_Web_Payload
2026-04-28 12:19:37,782 | INFO     | yara_scan            | YARA HIT  fb83f2fed9754cf7 → High_Entropy_Encrypted,Encrypted_C2_Channel,HighEntropy_Dropper,HighEntropy_InMemory_Payload,T1027_Obfuscated_Files,High_Entropy_Payload_Tuned,HighEntropy_Persistence_Payload,Suspicious_Web_Payload
2026-04-28 12:19:38,171 | INFO     | yara_scan            | YARA HIT  7d6fc8a6f7e7084f → High_Entropy_Encrypted,Encrypted_C2_Channel,HighEntropy_Dropper,HighEntropy_InMemory_Payload,T1027_Obfuscated_Files,High_Entropy_Payload_Tuned,HighEntropy_Persistence_Payload,Suspicious_Web_Payload
2026-04-28 12:19:38,174 | INFO     | yara_scan            | YARA HIT  8e64844a4ee99113 → Encrypted_C2_Channel,HighEntropy_Dropper,HighEntropy_InMemory_Payload,T1027_Obfuscated_Files,HighEntropy_Persistence_Payload,Suspicious_Web_Payload
2026-04-28 12:19:38,214 | INFO     | yara_scan            | YARA HIT  ecfefc3d8615ca47 → Encrypted_C2_Channel,T1027_Obfuscated_Files,High_Entropy_Payload_Tuned,Suspicious_Web_Payload
2026-04-28 12:19:38,221 | INFO     | yara_scan            | YARA HIT  554dc3c1201d7b24 → High_Entropy_Encrypted,Encrypted_C2_Channel,HighEntropy_Dropper,HighEntropy_InMemory_Payload,T1027_Obfuscated_Files,High_Entropy_Payload_Tuned,HighEntropy_Persistence_Payload,Suspicious_Web_Payload
2026-04-28 12:19:38,229 | INFO     | yara_scan            | YARA HIT  288f138fd9c0c6c4 → High_Entropy_Encrypted,Encrypted_C2_Channel,HighEntropy_Dropper,HighEntropy_InMemory_Payload,T1027_Obfuscated_Files,T1547_Boot_or_Logon_Autostart,High_Entropy_Payload_Tuned,HighEntropy_Persistence_Payload
2026-04-28 12:19:38,254 | INFO     | yara_scan            | YARA HIT  9bf504960057f10c → High_Entropy_Encrypted,Encrypted_C2_Channel,HighEntropy_Dropper,HighEntropy_InMemory_Payload,T1027_Obfuscated_Files,High_Entropy_Payload_Tuned,HighEntropy_Persistence_Payload
2026-04-28 12:19:38,256 | INFO     | yara_scan            | YARA HIT  287698b0e9f9247b → Encrypted_C2_Channel,T1027_Obfuscated_Files,High_Entropy_Payload_Tuned,Suspicious_Web_Payload
2026-04-28 12:19:38,386 | INFO     | yara_scan            | YARA HIT  ad047ec362d0411a → High_Entropy_Encrypted,Encrypted_C2_Channel,HighEntropy_Dropper,HighEntropy_InMemory_Payload,T1027_Obfuscated_Files,High_Entropy_Payload_Tuned,HighEntropy_Persistence_Payload,Suspicious_Web_Payload
2026-04-28 12:19:38,397 | INFO     | yara_scan            | YARA HIT  204d33fa4c538009 → HighEntropy_Dropper,T1027_Obfuscated_Files,HighEntropy_Persistence_Payload,Suspicious_Web_Payload
2026-04-28 12:19:38,422 | INFO     | yara_scan            | YARA HIT  7515f96d2e5131ff → C2_Known_Bad_Domains,HighRisk_C2_Communication
2026-04-28 12:19:38,467 | INFO     | yara_scan            | YARA HIT  7f0262a3b5518181 → High_Entropy_Encrypted,Encrypted_C2_Channel,HighEntropy_Dropper,HighEntropy_InMemory_Payload,T1027_Obfuscated_Files,High_Entropy_Payload_Tuned,HighEntropy_Persistence_Payload
2026-04-28 12:19:38,579 | INFO     | yara_scan            | YARA HIT  08361f5b6dc82549 → High_Entropy_Encrypted,Encrypted_C2_Channel,HighEntropy_Dropper,HighEntropy_InMemory_Payload,T1027_Obfuscated_Files,High_Entropy_Payload_Tuned,HighEntropy_Persistence_Payload,Suspicious_Web_Payload
2026-04-28 12:19:40,691 | INFO     | yara_scan            | YARA HIT  6f41eb7277d11c12 → High_Entropy_Encrypted,Encrypted_C2_Channel,HighEntropy_Dropper,HighEntropy_InMemory_Payload,T1027_Obfuscated_Files,High_Entropy_Payload_Tuned,HighEntropy_Persistence_Payload
2026-04-28 12:19:40,692 | INFO     | yara_scan            | YARA HIT  320729f6b7497071 → Encrypted_C2_Channel,T1027_Obfuscated_Files,High_Entropy_Payload_Tuned,Suspicious_Web_Payload
2026-04-28 12:19:40,709 | INFO     | yara_scan            | YARA HIT  3ed1aa3d17546982 → High_Entropy_Encrypted,Encrypted_C2_Channel,HighEntropy_Dropper,HighEntropy_InMemory_Payload,T1027_Obfuscated_Files,High_Entropy_Payload_Tuned,HighEntropy_Persistence_Payload
2026-04-28 12:19:40,721 | INFO     | yara_scan            | YARA HIT  86e5472a734cf3a0 → Encrypted_C2_Channel,T1027_Obfuscated_Files,High_Entropy_Payload_Tuned,Suspicious_Web_Payload
2026-04-28 12:19:40,723 | INFO     | yara_scan            | YARA HIT  63b5b0e1d15fd14d → Encrypted_C2_Channel,T1027_Obfuscated_Files,High_Entropy_Payload_Tuned,Suspicious_Web_Payload
2026-04-28 12:19:40,982 | INFO     | yara_scan            | YARA HIT  ce7191415aa8affa → High_Entropy_Encrypted,Encrypted_C2_Channel,HighEntropy_Dropper,HighEntropy_InMemory_Payload,T1027_Obfuscated_Files,High_Entropy_Payload_Tuned,HighEntropy_Persistence_Payload
2026-04-28 12:19:40,984 | INFO     | yara_scan            | YARA HIT  c548532196a9afdf → Encrypted_C2_Channel,T1027_Obfuscated_Files,High_Entropy_Payload_Tuned,Suspicious_Web_Payload
2026-04-28 12:19:41,917 | INFO     | yara_scan            | YARA HIT  b2ea0791400c9974 → High_Entropy_Encrypted,Encrypted_C2_Channel,HighEntropy_Dropper,HighEntropy_InMemory_Payload,T1027_Obfuscated_Files,High_Entropy_Payload_Tuned,HighEntropy_Persistence_Payload,Suspicious_Web_Payload
2026-04-28 12:19:41,982 | INFO     | yara_scan            | YARA HIT  1f920871e2ca0814 → High_Entropy_Encrypted,Encrypted_C2_Channel,HighEntropy_Dropper,HighEntropy_InMemory_Payload,T1027_Obfuscated_Files,High_Entropy_Payload_Tuned,HighEntropy_Persistence_Payload
2026-04-28 12:19:42,270 | INFO     | yara_scan            | YARA HIT  f9970fcb011030e3 → Encrypted_C2_Channel,T1027_Obfuscated_Files,High_Entropy_Payload_Tuned,Suspicious_Web_Payload
2026-04-28 12:19:42,618 | INFO     | yara_scan            | YARA HIT  32f92dd20ecbfb14 → Encrypted_C2_Channel,HighEntropy_Dropper,HighEntropy_InMemory_Payload,T1027_Obfuscated_Files,High_Entropy_Payload_Tuned,HighEntropy_Persistence_Payload,Suspicious_Web_Payload
2026-04-28 12:19:42,624 | INFO     | yara_scan            | YARA HIT  64ac719f41f09fd0 → High_Entropy_Encrypted,Encrypted_C2_Channel,HighEntropy_Dropper,HighEntropy_InMemory_Payload,T1027_Obfuscated_Files,High_Entropy_Payload_Tuned,HighEntropy_Persistence_Payload,Suspicious_Web_Payload
2026-04-28 12:19:42,626 | INFO     | yara_scan            | YARA HIT  7462cbbc0b424284 → Encrypted_C2_Channel,T1027_Obfuscated_Files,High_Entropy_Payload_Tuned,Suspicious_Web_Payload
2026-04-28 12:19:42,638 | INFO     | yara_scan            | YARA HIT  68f4a9cbb4eef9bc → Encrypted_C2_Channel,HighEntropy_Dropper,HighEntropy_InMemory_Payload,T1027_Obfuscated_Files,HighEntropy_Persistence_Payload,Suspicious_Web_Payload
2026-04-28 12:19:42,781 | INFO     | yara_scan            | YARA HIT  06cc24cf453a9374 → Encrypted_C2_Channel,T1027_Obfuscated_Files,High_Entropy_Payload_Tuned,Suspicious_Web_Payload
2026-04-28 12:19:42,784 | INFO     | yara_scan            | YARA HIT  1c26b97102c10093 → HighEntropy_Dropper,T1027_Obfuscated_Files,HighEntropy_Persistence_Payload,Suspicious_Web_Payload
2026-04-28 12:19:42,784 | INFO     | yara_scan            | YARA complete: scanned=147  hits=47  no_file=0
2026-04-28 12:19:42,785 | INFO     | main                 | [Step 3/5] Done — 147 files scanned, 47 hits  (12.43s)
2026-04-28 12:19:42,785 | INFO     | main                 | [Step 4/5] Async Threat Intel (VT, AbuseIPDB, OTX) enrichment …
2026-04-28 12:19:42,789 | INFO     | cache                | Redis connected: 127.0.0.1:6379 db=0  TTL=86400s
2026-04-28 12:19:42,789 | INFO     | enrichment_async     | Enrichment queue: 177 unique IOCs to process.
2026-04-28 12:20:02,215 | INFO     | enrichment_async     | Saved scan log to phase2_output/Hive_06082021_20260428_121929/scanned_iocs_by_api.json
2026-04-28 12:20:02,217 | INFO     | enrichment_async     | Enrichment complete: enriched=176  cache_hits=172  api_calls=5  errors=5
2026-04-28 12:20:02,221 | INFO     | main                 | [Step 4/5] Done — enriched=176  cache_hits=172  api_calls=5  (19.44s)
2026-04-28 12:20:02,222 | INFO     | main                 | [Step 5/5] Writing output …
2026-04-28 12:20:02,291 | INFO     | output               | IOC output written: /home/comrade/Documents/V1_Recon/phase2_output/Hive_06082021_20260428_121929/unified_iocs.json (181 records)
2026-04-28 12:20:02,293 | INFO     | output               | Stats written: /home/comrade/Documents/V1_Recon/phase2_output/Hive_06082021_20260428_121929/run_stats.json
2026-04-28 12:20:02,294 | INFO     | main                 | [Step 5/5] Done  (0.07s)
2026-04-28 12:20:02,295 | INFO     | main                 | Total wall time: 32.18s
